[11/Aug/2018 11:54:21] INFO [werkzeug:88]  * Running on https://127.0.0.1:8000/ (Press CTRL+C to quit)
[11/Aug/2018 11:54:21] INFO [werkzeug:88]  * Restarting with fsevents reloader
[11/Aug/2018 11:54:32] INFO [STDOUT:200] Resetting increment counter...
[11/Aug/2018 11:54:32] INFO [STDOUT:40] Cleaning db
[11/Aug/2018 11:54:35] INFO [STDOUT:44] Creating db
[11/Aug/2018 11:54:35] INFO [STDOUT:46] Creating superuser...
[11/Aug/2018 11:54:35] INFO [STDOUT:48] Adding permissions...
[11/Aug/2018 11:55:25] INFO [STDOUT:200] Resetting increment counter...
[11/Aug/2018 11:55:25] INFO [STDOUT:40] Cleaning db
[11/Aug/2018 11:55:25] INFO [STDOUT:44] Creating db
[11/Aug/2018 11:55:25] INFO [STDOUT:46] Creating superuser...
[11/Aug/2018 11:55:25] INFO [STDOUT:48] Adding permissions...
[11/Aug/2018 11:59:16] INFO [STDOUT:200] Resetting increment counter...
[11/Aug/2018 11:59:16] INFO [STDOUT:40] Cleaning db
[11/Aug/2018 11:59:16] INFO [STDOUT:44] Creating db
[11/Aug/2018 11:59:16] INFO [STDOUT:46] Creating superuser...
[11/Aug/2018 11:59:40] INFO [werkzeug:88]  * Running on https://127.0.0.1:8000/ (Press CTRL+C to quit)
[11/Aug/2018 11:59:40] INFO [werkzeug:88]  * Restarting with fsevents reloader
[11/Aug/2018 11:59:41] WARNING [werkzeug:88]  * Debugger is active!
[11/Aug/2018 11:59:41] INFO [werkzeug:88]  * Debugger PIN: 165-901-972
[11/Aug/2018 11:59:42] INFO [werkzeug:88] 127.0.0.1 - - [11/Aug/2018 11:59:42] "[32mGET /common/messages/get HTTP/1.1[0m" 301 -
[11/Aug/2018 11:59:42] DEBUG [CALL:26] Call wrapper in e_logs.core.utils.webutils, line 53
[11/Aug/2018 11:59:42] DEBUG [CALL:28] Exiting wrapper in e_logs.core.utils.webutils, line 53
[11/Aug/2018 11:59:42] INFO [werkzeug:88] 127.0.0.1 - - [11/Aug/2018 11:59:42] "[32mGET /common/messages/get/ HTTP/1.1[0m" 302 -
[11/Aug/2018 11:59:42] DEBUG [CALL:26] Call login_page in e_logs.common.login_app.views, line 31
[11/Aug/2018 11:59:42] DEBUG [CALL:28] Exiting login_page in e_logs.common.login_app.views, line 31
[11/Aug/2018 11:59:43] INFO [werkzeug:88] 127.0.0.1 - - [11/Aug/2018 11:59:43] "[37mGET /auth/login_page?next=/common/messages/get/ HTTP/1.1[0m" 200 -
[11/Aug/2018 11:59:51] INFO [STDOUT:201] Resetting increment counter...
[11/Aug/2018 11:59:51] INFO [STDOUT:40] Cleaning db
[11/Aug/2018 11:59:51] INFO [STDOUT:44] Creating db
[11/Aug/2018 11:59:51] INFO [STDOUT:46] Creating superuser...
[11/Aug/2018 12:12:16] INFO [werkzeug:88]  * Running on https://127.0.0.1:8000/ (Press CTRL+C to quit)
[11/Aug/2018 12:12:16] INFO [werkzeug:88]  * Restarting with fsevents reloader
[11/Aug/2018 12:12:17] WARNING [werkzeug:88]  * Debugger is active!
[11/Aug/2018 12:12:17] INFO [werkzeug:88]  * Debugger PIN: 165-901-972
[11/Aug/2018 12:12:35] INFO [STDOUT:201] Resetting increment counter...
[11/Aug/2018 12:12:35] INFO [STDOUT:40] Cleaning db
[11/Aug/2018 12:12:35] INFO [STDOUT:44] Creating db
[11/Aug/2018 12:12:35] INFO [STDOUT:46] Creating superuser...
[11/Aug/2018 12:12:35] INFO [STDOUT:48] Adding permissions...
[11/Aug/2018 12:13:56] INFO [werkzeug:88]  * Running on https://127.0.0.1:8000/ (Press CTRL+C to quit)
[11/Aug/2018 12:13:56] INFO [werkzeug:88]  * Restarting with fsevents reloader
[11/Aug/2018 12:13:58] WARNING [werkzeug:88]  * Debugger is active!
[11/Aug/2018 12:13:58] INFO [werkzeug:88]  * Debugger PIN: 165-901-972
[11/Aug/2018 12:14:05] INFO [STDOUT:201] Resetting increment counter...
[11/Aug/2018 12:14:05] INFO [STDOUT:40] Cleaning db
[11/Aug/2018 12:14:05] INFO [STDOUT:44] Creating db
[11/Aug/2018 12:14:05] INFO [STDOUT:46] Creating superuser...
[11/Aug/2018 12:14:05] INFO [STDOUT:48] Adding permissions...
[11/Aug/2018 12:14:43] INFO [STDOUT:201] Resetting increment counter...
[11/Aug/2018 12:14:44] INFO [STDOUT:40] Cleaning db
[11/Aug/2018 12:14:44] INFO [STDOUT:44] Creating db
[11/Aug/2018 12:14:44] INFO [STDOUT:46] Creating superuser...
[11/Aug/2018 12:14:44] INFO [STDOUT:48] Adding permissions...
[11/Aug/2018 12:17:49] INFO [werkzeug:88]  * Running on https://127.0.0.1:8000/ (Press CTRL+C to quit)
[11/Aug/2018 12:17:49] INFO [werkzeug:88]  * Restarting with fsevents reloader
[11/Aug/2018 12:17:51] WARNING [werkzeug:88]  * Debugger is active!
[11/Aug/2018 12:17:51] INFO [werkzeug:88]  * Debugger PIN: 165-901-972
[11/Aug/2018 12:17:59] INFO [STDOUT:201] Resetting increment counter...
[11/Aug/2018 12:17:59] INFO [STDOUT:40] Cleaning db
[11/Aug/2018 12:17:59] INFO [STDOUT:44] Creating db
[11/Aug/2018 12:17:59] INFO [STDOUT:46] Creating superuser...
[11/Aug/2018 12:17:59] INFO [STDOUT:48] Adding permissions...
[11/Aug/2018 12:18:33] INFO [werkzeug:88]  * Running on https://127.0.0.1:8000/ (Press CTRL+C to quit)
[11/Aug/2018 12:18:33] INFO [werkzeug:88]  * Restarting with fsevents reloader
[11/Aug/2018 12:18:35] WARNING [werkzeug:88]  * Debugger is active!
[11/Aug/2018 12:18:35] INFO [werkzeug:88]  * Debugger PIN: 165-901-972
[11/Aug/2018 12:18:44] INFO [STDOUT:201] Resetting increment counter...
[11/Aug/2018 12:18:45] INFO [STDOUT:40] Cleaning db
[11/Aug/2018 12:18:45] INFO [STDOUT:44] Creating db
[11/Aug/2018 12:18:45] INFO [STDOUT:46] Creating superuser...
[11/Aug/2018 12:18:45] INFO [STDOUT:48] Adding permissions...
[11/Aug/2018 12:21:34] INFO [STDOUT:201] Resetting increment counter...
[11/Aug/2018 12:21:34] INFO [STDOUT:40] Cleaning db
[11/Aug/2018 12:21:34] INFO [STDOUT:44] Creating db
[11/Aug/2018 12:21:34] INFO [STDOUT:46] Creating superuser...
[11/Aug/2018 12:21:34] INFO [STDOUT:48] Adding permissions...
[11/Aug/2018 12:23:17] INFO [STDOUT:201] Resetting increment counter...
[11/Aug/2018 12:23:18] INFO [STDOUT:40] Cleaning db
[11/Aug/2018 12:23:18] INFO [STDOUT:44] Creating db
[11/Aug/2018 12:23:18] INFO [STDOUT:46] Creating superuser...
[11/Aug/2018 12:23:18] INFO [STDOUT:48] Adding permissions...
[11/Aug/2018 12:24:23] INFO [werkzeug:88]  * Running on https://127.0.0.1:8000/ (Press CTRL+C to quit)
[11/Aug/2018 12:24:23] INFO [werkzeug:88]  * Restarting with fsevents reloader
[11/Aug/2018 12:24:25] WARNING [werkzeug:88]  * Debugger is active!
[11/Aug/2018 12:24:25] INFO [werkzeug:88]  * Debugger PIN: 165-901-972
[11/Aug/2018 12:24:32] INFO [STDOUT:201] Resetting increment counter...
[11/Aug/2018 12:24:32] INFO [STDOUT:40] Cleaning db
[11/Aug/2018 12:24:32] INFO [STDOUT:44] Creating db
[11/Aug/2018 12:24:32] INFO [STDOUT:46] Creating superuser...
[11/Aug/2018 12:24:32] INFO [STDOUT:48] Adding permissions...
[11/Aug/2018 17:25:07] INFO [STDOUT:201] Resetting increment counter...
[11/Aug/2018 17:25:07] INFO [STDOUT:40] Cleaning db
[11/Aug/2018 17:25:07] INFO [STDOUT:44] Creating db
[11/Aug/2018 17:25:07] INFO [STDOUT:46] Creating superuser...
[11/Aug/2018 17:25:07] INFO [STDOUT:48] Adding permissions...
[11/Aug/2018 17:37:38] INFO [STDOUT:217] Resetting increment counter...
[11/Aug/2018 17:37:38] INFO [STDOUT:40] Cleaning db
[11/Aug/2018 17:37:40] INFO [STDOUT:44] Creating db
[11/Aug/2018 17:37:40] INFO [STDOUT:46] Creating superuser...
[11/Aug/2018 17:37:40] INFO [STDOUT:48] Adding permissions...
[11/Aug/2018 17:39:32] INFO [STDOUT:201] Resetting increment counter...
[11/Aug/2018 17:39:32] INFO [STDOUT:40] Cleaning db
[11/Aug/2018 17:39:32] INFO [STDOUT:44] Creating db
[11/Aug/2018 17:39:32] INFO [STDOUT:46] Creating superuser...
[11/Aug/2018 17:39:33] INFO [STDOUT:48] Adding permissions...
[11/Aug/2018 17:39:33] INFO [STDOUT:51] Adding plants...
[11/Aug/2018 17:39:33] INFO [STDOUT:53] Adding journals...
[11/Aug/2018 17:39:33] INFO [STDOUT:55] Adding tables...
[11/Aug/2018 17:39:33] INFO [STDOUT:57] Adding fields...
[11/Aug/2018 17:39:33] INFO [STDOUT:60] Adding settings...
[11/Aug/2018 17:39:33] INFO [STDOUT:248] Adding table lists for each journal...
[11/Aug/2018 17:39:33] INFO [STDOUT:289] Adding fields info settings...
[11/Aug/2018 17:39:45] INFO [STDOUT:65] Adding Employees...
[11/Aug/2018 17:39:57] INFO [STDOUT:69] Filling fractional app...
[11/Aug/2018 17:40:04] INFO [STDOUT:72] Done!
[11/Aug/2018 17:40:17] INFO [STDOUT:201] Resetting increment counter...
[11/Aug/2018 17:40:17] INFO [STDOUT:40] Cleaning db
[11/Aug/2018 17:40:19] INFO [STDOUT:44] Creating db
[11/Aug/2018 17:40:19] INFO [STDOUT:46] Creating superuser...
[11/Aug/2018 17:40:19] INFO [STDOUT:48] Adding permissions...
[11/Aug/2018 18:02:15] INFO [STDOUT:199] Resetting increment counter...
[11/Aug/2018 18:02:15] INFO [STDOUT:40] Cleaning db
[11/Aug/2018 18:02:15] INFO [STDOUT:44] Creating db
[11/Aug/2018 18:02:15] INFO [STDOUT:46] Creating superuser...
[11/Aug/2018 18:02:15] INFO [STDOUT:48] Adding permissions...
[11/Aug/2018 18:02:16] INFO [STDOUT:51] Adding plants...
[11/Aug/2018 18:02:16] INFO [STDOUT:53] Adding journals...
[11/Aug/2018 18:02:16] INFO [STDOUT:55] Adding tables...
[11/Aug/2018 18:02:16] INFO [STDOUT:57] Adding fields...
[11/Aug/2018 18:02:16] INFO [STDOUT:60] Adding settings...
[11/Aug/2018 18:02:16] INFO [STDOUT:240] Adding table lists for each journal...
[11/Aug/2018 18:02:16] INFO [STDOUT:281] Adding fields info settings...
[11/Aug/2018 18:02:26] INFO [STDOUT:65] Adding Employees...
[11/Aug/2018 18:02:35] INFO [STDOUT:69] Filling fractional app...
[11/Aug/2018 18:02:42] INFO [STDOUT:72] Done!
