[11/Aug/2018 11:59:42] DEBUG [CALL:26] Call wrapper in e_logs.core.utils.webutils, line 53
[11/Aug/2018 11:59:42] DEBUG [CALL:28] Exiting wrapper in e_logs.core.utils.webutils, line 53
[11/Aug/2018 11:59:42] DEBUG [CALL:26] Call login_page in e_logs.common.login_app.views, line 31
[11/Aug/2018 11:59:42] DEBUG [CALL:28] Exiting login_page in e_logs.common.login_app.views, line 31
[12/Aug/2018 13:04:12] DEBUG [CALL:29] Call login_page in e_logs.common.login_app.views, line 31
[12/Aug/2018 13:04:12] DEBUG [CALL:32] Exiting login_page in e_logs.common.login_app.views, line 31
[12/Aug/2018 13:04:19] DEBUG [CALL:29] Call wrapper in e_logs.core.utils.webutils, line 53
[12/Aug/2018 13:04:19] DEBUG [CALL:32] Exiting wrapper in e_logs.core.utils.webutils, line 53
[12/Aug/2018 13:04:19] DEBUG [CALL:29] Call wrapper in e_logs.core.utils.webutils, line 53
[12/Aug/2018 13:04:20] DEBUG [CALL:29] Call get in e_logs.common.messages_app.views, line 20
[12/Aug/2018 13:04:20] DEBUG [CALL:32] Exiting get in e_logs.common.messages_app.views, line 20
[12/Aug/2018 13:04:20] DEBUG [CALL:32] Exiting wrapper in e_logs.core.utils.webutils, line 53
[12/Aug/2018 13:04:20] DEBUG [CALL:29] Call wrapper in e_logs.core.utils.webutils, line 53
[12/Aug/2018 13:04:20] DEBUG [CALL:29] Call wrapper in e_logs.core.utils.webutils, line 53
[12/Aug/2018 13:04:20] DEBUG [CALL:29] Call wrapper in e_logs.core.utils.webutils, line 53
[12/Aug/2018 13:04:20] DEBUG [CALL:29] Call get_shifts in e_logs.common.all_journals_app.views, line 260
[12/Aug/2018 13:04:22] DEBUG [CALL:32] Exiting get_shifts in e_logs.common.all_journals_app.views, line 260
[12/Aug/2018 13:04:22] DEBUG [CALL:32] Exiting wrapper in e_logs.core.utils.webutils, line 53
[12/Aug/2018 13:04:24] DEBUG [CALL:32] Exiting wrapper in e_logs.core.utils.webutils, line 53
[12/Aug/2018 13:04:28] DEBUG [CALL:29] Call wrapper in e_logs.core.utils.webutils, line 53
[12/Aug/2018 13:04:29] DEBUG [CALL:29] Call get in e_logs.common.messages_app.views, line 20
[12/Aug/2018 13:04:29] DEBUG [CALL:32] Exiting get in e_logs.common.messages_app.views, line 20
[12/Aug/2018 13:04:29] DEBUG [CALL:32] Exiting wrapper in e_logs.core.utils.webutils, line 53
[12/Aug/2018 13:04:34] DEBUG [CALL:32] Exiting wrapper in e_logs.core.utils.webutils, line 53
[12/Aug/2018 13:04:37] DEBUG [CALL:29] Call get in e_logs.common.all_journals_app.views, line 27
[12/Aug/2018 13:04:37] DEBUG [CALL:29] Call get_context in e_logs.common.all_journals_app.views, line 58
[12/Aug/2018 13:04:37] DEBUG [CALL:29] Call get_shift in e_logs.common.all_journals_app.views, line 35
[12/Aug/2018 13:04:37] DEBUG [CALL:32] Exiting get_shift in e_logs.common.all_journals_app.views, line 35
[12/Aug/2018 13:04:37] DEBUG [CALL:29] Call get_fields_descriptions in e_logs.common.all_journals_app.views, line 213
[12/Aug/2018 13:04:37] DEBUG [CALL:29] Call wrapper in e_logs.core.utils.webutils, line 53
[12/Aug/2018 13:04:38] DEBUG [CALL:29] Call get in e_logs.common.messages_app.views, line 20
[12/Aug/2018 13:04:38] DEBUG [CALL:32] Exiting get in e_logs.common.messages_app.views, line 20
[12/Aug/2018 13:04:38] DEBUG [CALL:32] Exiting wrapper in e_logs.core.utils.webutils, line 53
[12/Aug/2018 13:04:38] DEBUG [CALL:32] Exiting get_fields_descriptions in e_logs.common.all_journals_app.views, line 213
[12/Aug/2018 13:04:38] DEBUG [CALL:32] Exiting get_context in e_logs.common.all_journals_app.views, line 58
[12/Aug/2018 13:04:39] DEBUG [CALL:32] Exiting get in e_logs.common.all_journals_app.views, line 27
[12/Aug/2018 13:04:39] DEBUG [CALL:29] Call wrapper in e_logs.core.utils.webutils, line 53
[12/Aug/2018 13:04:39] DEBUG [CALL:29] Call get in e_logs.common.messages_app.views, line 20
[12/Aug/2018 13:04:39] DEBUG [CALL:32] Exiting get in e_logs.common.messages_app.views, line 20
[12/Aug/2018 13:04:39] DEBUG [CALL:32] Exiting wrapper in e_logs.core.utils.webutils, line 53
[12/Aug/2018 13:04:39] DEBUG [CALL:29] Call wrapper in e_logs.core.utils.webutils, line 53
[12/Aug/2018 13:04:39] DEBUG [CALL:29] Call get_shifts in e_logs.common.all_journals_app.views, line 260
[12/Aug/2018 13:04:40] DEBUG [CALL:32] Exiting get_shifts in e_logs.common.all_journals_app.views, line 260
[12/Aug/2018 13:04:40] DEBUG [CALL:32] Exiting wrapper in e_logs.core.utils.webutils, line 53
[12/Aug/2018 13:04:48] DEBUG [CALL:29] Call wrapper in e_logs.core.utils.webutils, line 53
[12/Aug/2018 13:04:49] DEBUG [CALL:29] Call get in e_logs.common.messages_app.views, line 20
[12/Aug/2018 13:04:49] DEBUG [CALL:32] Exiting get in e_logs.common.messages_app.views, line 20
[12/Aug/2018 13:04:49] DEBUG [CALL:32] Exiting wrapper in e_logs.core.utils.webutils, line 53
[12/Aug/2018 13:04:54] DEBUG [CALL:29] Call wrapper in e_logs.core.utils.webutils, line 53
[12/Aug/2018 13:04:54] DEBUG [CALL:29] Call wrapper in e_logs.core.utils.webutils, line 53
[12/Aug/2018 13:04:54] DEBUG [CALL:29] Call wrapper in e_logs.core.utils.webutils, line 53
[12/Aug/2018 13:04:54] DEBUG [CALL:29] Call wrapper in e_logs.core.utils.webutils, line 53
[12/Aug/2018 13:04:54] DEBUG [CALL:29] Call get in e_logs.common.all_journals_app.views, line 27
[12/Aug/2018 13:04:54] DEBUG [CALL:29] Call get_context in e_logs.common.all_journals_app.views, line 58
[12/Aug/2018 13:04:54] DEBUG [CALL:29] Call get_shift in e_logs.common.all_journals_app.views, line 35
[12/Aug/2018 13:04:54] DEBUG [CALL:29] Call change_table in e_logs.common.all_journals_app.views, line 171
[12/Aug/2018 13:04:54] DEBUG [CALL:32] Exiting change_table in e_logs.common.all_journals_app.views, line 171
[12/Aug/2018 13:04:54] DEBUG [CALL:32] Exiting wrapper in e_logs.core.utils.webutils, line 53
[12/Aug/2018 13:04:54] DEBUG [CALL:29] Call change_table in e_logs.common.all_journals_app.views, line 171
[12/Aug/2018 13:04:54] DEBUG [CALL:32] Exiting change_table in e_logs.common.all_journals_app.views, line 171
[12/Aug/2018 13:04:54] DEBUG [CALL:32] Exiting wrapper in e_logs.core.utils.webutils, line 53
[12/Aug/2018 13:04:54] DEBUG [CALL:29] Call change_table in e_logs.common.all_journals_app.views, line 171
[12/Aug/2018 13:04:54] DEBUG [CALL:32] Exiting change_table in e_logs.common.all_journals_app.views, line 171
[12/Aug/2018 13:04:54] DEBUG [CALL:32] Exiting wrapper in e_logs.core.utils.webutils, line 53
[12/Aug/2018 13:04:54] DEBUG [CALL:29] Call change_table in e_logs.common.all_journals_app.views, line 171
[12/Aug/2018 13:04:54] DEBUG [CALL:32] Exiting change_table in e_logs.common.all_journals_app.views, line 171
[12/Aug/2018 13:04:54] DEBUG [CALL:32] Exiting wrapper in e_logs.core.utils.webutils, line 53
[12/Aug/2018 13:04:54] DEBUG [CALL:32] Exiting get_shift in e_logs.common.all_journals_app.views, line 35
[12/Aug/2018 13:04:55] DEBUG [CALL:29] Call get_fields_descriptions in e_logs.common.all_journals_app.views, line 213
[12/Aug/2018 13:04:55] DEBUG [CALL:32] Exiting get_fields_descriptions in e_logs.common.all_journals_app.views, line 213
[12/Aug/2018 13:04:55] DEBUG [CALL:32] Exiting get_context in e_logs.common.all_journals_app.views, line 58
[12/Aug/2018 13:04:56] DEBUG [CALL:32] Exiting get in e_logs.common.all_journals_app.views, line 27
[12/Aug/2018 13:04:56] DEBUG [CALL:29] Call wrapper in e_logs.core.utils.webutils, line 53
[12/Aug/2018 13:04:56] DEBUG [CALL:29] Call get in e_logs.common.messages_app.views, line 20
[12/Aug/2018 13:04:56] DEBUG [CALL:29] Call wrapper in e_logs.core.utils.webutils, line 53
[12/Aug/2018 13:04:56] DEBUG [CALL:32] Exiting get in e_logs.common.messages_app.views, line 20
[12/Aug/2018 13:04:56] DEBUG [CALL:32] Exiting wrapper in e_logs.core.utils.webutils, line 53
[12/Aug/2018 13:04:56] DEBUG [CALL:29] Call get_shifts in e_logs.common.all_journals_app.views, line 260
[12/Aug/2018 13:04:57] DEBUG [CALL:32] Exiting get_shifts in e_logs.common.all_journals_app.views, line 260
[12/Aug/2018 13:04:57] DEBUG [CALL:32] Exiting wrapper in e_logs.core.utils.webutils, line 53
[12/Aug/2018 13:05:05] DEBUG [CALL:29] Call wrapper in e_logs.core.utils.webutils, line 53
[12/Aug/2018 13:05:05] DEBUG [CALL:29] Call get in e_logs.common.messages_app.views, line 20
[12/Aug/2018 13:05:05] DEBUG [CALL:32] Exiting get in e_logs.common.messages_app.views, line 20
[12/Aug/2018 13:05:05] DEBUG [CALL:32] Exiting wrapper in e_logs.core.utils.webutils, line 53
[12/Aug/2018 13:05:12] DEBUG [CALL:29] Call wrapper in e_logs.core.utils.webutils, line 53
[12/Aug/2018 13:05:12] DEBUG [CALL:29] Call wrapper in e_logs.core.utils.webutils, line 53
[12/Aug/2018 13:05:12] DEBUG [CALL:29] Call wrapper in e_logs.core.utils.webutils, line 53
[12/Aug/2018 13:05:12] DEBUG [CALL:29] Call wrapper in e_logs.core.utils.webutils, line 53
[12/Aug/2018 13:05:12] DEBUG [CALL:29] Call get in e_logs.common.all_journals_app.views, line 27
[12/Aug/2018 13:05:12] DEBUG [CALL:29] Call change_table in e_logs.common.all_journals_app.views, line 171
[12/Aug/2018 13:05:12] DEBUG [CALL:32] Exiting change_table in e_logs.common.all_journals_app.views, line 171
[12/Aug/2018 13:05:12] DEBUG [CALL:32] Exiting wrapper in e_logs.core.utils.webutils, line 53
[12/Aug/2018 13:05:12] DEBUG [CALL:29] Call change_table in e_logs.common.all_journals_app.views, line 171
[12/Aug/2018 13:05:12] DEBUG [CALL:32] Exiting change_table in e_logs.common.all_journals_app.views, line 171
[12/Aug/2018 13:05:12] DEBUG [CALL:32] Exiting wrapper in e_logs.core.utils.webutils, line 53
[12/Aug/2018 13:05:12] DEBUG [CALL:29] Call change_table in e_logs.common.all_journals_app.views, line 171
[12/Aug/2018 13:05:12] DEBUG [CALL:32] Exiting change_table in e_logs.common.all_journals_app.views, line 171
[12/Aug/2018 13:05:12] DEBUG [CALL:29] Call get_context in e_logs.common.all_journals_app.views, line 108
[12/Aug/2018 13:05:12] DEBUG [CALL:29] Call get_context in e_logs.common.all_journals_app.views, line 58
[12/Aug/2018 13:05:12] DEBUG [CALL:29] Call get_shift in e_logs.common.all_journals_app.views, line 35
[12/Aug/2018 13:05:12] DEBUG [CALL:32] Exiting wrapper in e_logs.core.utils.webutils, line 53
[12/Aug/2018 13:05:12] DEBUG [CALL:29] Call change_table in e_logs.common.all_journals_app.views, line 171
[12/Aug/2018 13:05:12] DEBUG [CALL:32] Exiting change_table in e_logs.common.all_journals_app.views, line 171
[12/Aug/2018 13:05:12] DEBUG [CALL:32] Exiting wrapper in e_logs.core.utils.webutils, line 53
[12/Aug/2018 13:05:12] DEBUG [CALL:32] Exiting get_shift in e_logs.common.all_journals_app.views, line 35
[12/Aug/2018 13:05:13] DEBUG [CALL:29] Call get_fields_descriptions in e_logs.common.all_journals_app.views, line 213
[12/Aug/2018 13:05:14] DEBUG [CALL:29] Call wrapper in e_logs.core.utils.webutils, line 53
[12/Aug/2018 13:05:14] DEBUG [CALL:29] Call get in e_logs.common.messages_app.views, line 20
[12/Aug/2018 13:05:14] DEBUG [CALL:32] Exiting get in e_logs.common.messages_app.views, line 20
[12/Aug/2018 13:05:14] DEBUG [CALL:32] Exiting wrapper in e_logs.core.utils.webutils, line 53
[12/Aug/2018 13:05:14] DEBUG [CALL:32] Exiting get_fields_descriptions in e_logs.common.all_journals_app.views, line 213
[12/Aug/2018 13:05:14] DEBUG [CALL:32] Exiting get_context in e_logs.common.all_journals_app.views, line 58
[12/Aug/2018 13:05:14] DEBUG [CALL:32] Exiting get_context in e_logs.common.all_journals_app.views, line 108
[12/Aug/2018 13:05:15] DEBUG [CALL:32] Exiting get in e_logs.common.all_journals_app.views, line 27
[12/Aug/2018 13:05:15] DEBUG [CALL:29] Call wrapper in e_logs.core.utils.webutils, line 53
[12/Aug/2018 13:05:16] DEBUG [CALL:29] Call get in e_logs.common.messages_app.views, line 20
[12/Aug/2018 13:05:16] DEBUG [CALL:29] Call wrapper in e_logs.core.utils.webutils, line 53
[12/Aug/2018 13:05:16] DEBUG [CALL:32] Exiting get in e_logs.common.messages_app.views, line 20
[12/Aug/2018 13:05:16] DEBUG [CALL:32] Exiting wrapper in e_logs.core.utils.webutils, line 53
[12/Aug/2018 13:05:16] DEBUG [CALL:29] Call get_shifts in e_logs.common.all_journals_app.views, line 260
[12/Aug/2018 13:05:17] DEBUG [CALL:32] Exiting get_shifts in e_logs.common.all_journals_app.views, line 260
[12/Aug/2018 13:05:17] DEBUG [CALL:32] Exiting wrapper in e_logs.core.utils.webutils, line 53
[12/Aug/2018 13:05:24] DEBUG [CALL:29] Call wrapper in e_logs.core.utils.webutils, line 53
[12/Aug/2018 13:05:25] DEBUG [CALL:29] Call get in e_logs.common.messages_app.views, line 20
[12/Aug/2018 13:05:25] DEBUG [CALL:32] Exiting get in e_logs.common.messages_app.views, line 20
[12/Aug/2018 13:05:25] DEBUG [CALL:32] Exiting wrapper in e_logs.core.utils.webutils, line 53
[12/Aug/2018 13:05:26] DEBUG [CALL:29] Call wrapper in e_logs.core.utils.webutils, line 53
[12/Aug/2018 13:05:26] DEBUG [CALL:29] Call wrapper in e_logs.core.utils.webutils, line 53
[12/Aug/2018 13:05:26] DEBUG [CALL:29] Call wrapper in e_logs.core.utils.webutils, line 53
[12/Aug/2018 13:05:26] DEBUG [CALL:29] Call wrapper in e_logs.core.utils.webutils, line 53
[12/Aug/2018 13:05:26] DEBUG [CALL:29] Call wrapper in e_logs.core.utils.webutils, line 53
[12/Aug/2018 13:05:26] DEBUG [CALL:29] Call get in e_logs.common.all_journals_app.views, line 27
[12/Aug/2018 13:05:26] DEBUG [CALL:29] Call change_table in e_logs.common.all_journals_app.views, line 171
[12/Aug/2018 13:05:26] DEBUG [CALL:32] Exiting change_table in e_logs.common.all_journals_app.views, line 171
[12/Aug/2018 13:05:26] DEBUG [CALL:32] Exiting wrapper in e_logs.core.utils.webutils, line 53
[12/Aug/2018 13:05:26] DEBUG [CALL:29] Call get_context in e_logs.common.all_journals_app.views, line 58
[12/Aug/2018 13:05:26] DEBUG [CALL:29] Call get_shift in e_logs.common.all_journals_app.views, line 35
[12/Aug/2018 13:05:26] DEBUG [CALL:29] Call change_table in e_logs.common.all_journals_app.views, line 171
[12/Aug/2018 13:05:26] DEBUG [CALL:32] Exiting change_table in e_logs.common.all_journals_app.views, line 171
[12/Aug/2018 13:05:26] DEBUG [CALL:32] Exiting wrapper in e_logs.core.utils.webutils, line 53
[12/Aug/2018 13:05:26] DEBUG [CALL:29] Call change_table in e_logs.common.all_journals_app.views, line 171
[12/Aug/2018 13:05:26] DEBUG [CALL:32] Exiting change_table in e_logs.common.all_journals_app.views, line 171
[12/Aug/2018 13:05:26] DEBUG [CALL:29] Call change_table in e_logs.common.all_journals_app.views, line 171
[12/Aug/2018 13:05:26] DEBUG [CALL:32] Exiting wrapper in e_logs.core.utils.webutils, line 53
[12/Aug/2018 13:05:26] DEBUG [CALL:32] Exiting change_table in e_logs.common.all_journals_app.views, line 171
[12/Aug/2018 13:05:26] DEBUG [CALL:32] Exiting wrapper in e_logs.core.utils.webutils, line 53
[12/Aug/2018 13:05:26] DEBUG [CALL:29] Call change_table in e_logs.common.all_journals_app.views, line 171
[12/Aug/2018 13:05:26] DEBUG [CALL:32] Exiting change_table in e_logs.common.all_journals_app.views, line 171
[12/Aug/2018 13:05:26] DEBUG [CALL:32] Exiting wrapper in e_logs.core.utils.webutils, line 53
[12/Aug/2018 13:05:26] DEBUG [CALL:32] Exiting get_shift in e_logs.common.all_journals_app.views, line 35
[12/Aug/2018 13:05:26] DEBUG [CALL:29] Call get_fields_descriptions in e_logs.common.all_journals_app.views, line 213
[12/Aug/2018 13:05:26] DEBUG [CALL:32] Exiting get_fields_descriptions in e_logs.common.all_journals_app.views, line 213
[12/Aug/2018 13:05:26] DEBUG [CALL:32] Exiting get_context in e_logs.common.all_journals_app.views, line 58
[12/Aug/2018 13:05:26] DEBUG [CALL:32] Exiting get in e_logs.common.all_journals_app.views, line 27
[12/Aug/2018 13:05:27] DEBUG [CALL:29] Call wrapper in e_logs.core.utils.webutils, line 53
[12/Aug/2018 13:05:27] DEBUG [CALL:29] Call wrapper in e_logs.core.utils.webutils, line 53
[12/Aug/2018 13:05:27] DEBUG [CALL:29] Call get in e_logs.common.messages_app.views, line 20
[12/Aug/2018 13:05:27] DEBUG [CALL:32] Exiting get in e_logs.common.messages_app.views, line 20
[12/Aug/2018 13:05:27] DEBUG [CALL:32] Exiting wrapper in e_logs.core.utils.webutils, line 53
[12/Aug/2018 13:05:27] DEBUG [CALL:29] Call get_shifts in e_logs.common.all_journals_app.views, line 260
[12/Aug/2018 13:05:28] DEBUG [CALL:32] Exiting get_shifts in e_logs.common.all_journals_app.views, line 260
[12/Aug/2018 13:05:28] DEBUG [CALL:32] Exiting wrapper in e_logs.core.utils.webutils, line 53
[12/Aug/2018 13:05:31] DEBUG [CALL:29] Call wrapper in e_logs.core.utils.webutils, line 53
[12/Aug/2018 13:05:31] DEBUG [CALL:29] Call change_table in e_logs.common.all_journals_app.views, line 171
[12/Aug/2018 13:05:31] DEBUG [CALL:32] Exiting change_table in e_logs.common.all_journals_app.views, line 171
[12/Aug/2018 13:05:31] DEBUG [CALL:32] Exiting wrapper in e_logs.core.utils.webutils, line 53
[12/Aug/2018 13:05:31] DEBUG [CALL:29] Call get in e_logs.common.all_journals_app.views, line 27
[12/Aug/2018 13:05:31] DEBUG [CALL:29] Call get_context in e_logs.common.all_journals_app.views, line 136
[12/Aug/2018 13:05:31] DEBUG [CALL:29] Call get_context in e_logs.common.all_journals_app.views, line 58
[12/Aug/2018 13:05:31] DEBUG [CALL:29] Call get_shift in e_logs.common.all_journals_app.views, line 35
[12/Aug/2018 13:05:32] DEBUG [CALL:32] Exiting get_shift in e_logs.common.all_journals_app.views, line 35
[12/Aug/2018 13:05:32] DEBUG [CALL:29] Call get_fields_descriptions in e_logs.common.all_journals_app.views, line 213
[12/Aug/2018 13:05:35] DEBUG [CALL:32] Exiting get_fields_descriptions in e_logs.common.all_journals_app.views, line 213
[12/Aug/2018 13:05:35] DEBUG [CALL:32] Exiting get_context in e_logs.common.all_journals_app.views, line 58
[12/Aug/2018 13:05:35] DEBUG [CALL:32] Exiting get_context in e_logs.common.all_journals_app.views, line 136
[12/Aug/2018 13:05:36] DEBUG [CALL:32] Exiting get in e_logs.common.all_journals_app.views, line 27
[12/Aug/2018 13:05:36] DEBUG [CALL:29] Call wrapper in e_logs.core.utils.webutils, line 53
[12/Aug/2018 13:05:36] DEBUG [CALL:29] Call get in e_logs.common.messages_app.views, line 20
[12/Aug/2018 13:05:36] DEBUG [CALL:32] Exiting get in e_logs.common.messages_app.views, line 20
[12/Aug/2018 13:05:36] DEBUG [CALL:32] Exiting wrapper in e_logs.core.utils.webutils, line 53
[12/Aug/2018 13:05:36] DEBUG [CALL:29] Call wrapper in e_logs.core.utils.webutils, line 53
[12/Aug/2018 13:05:36] DEBUG [CALL:29] Call wrapper in e_logs.core.utils.webutils, line 53
[12/Aug/2018 13:05:36] DEBUG [CALL:29] Call get in e_logs.common.messages_app.views, line 20
[12/Aug/2018 13:05:36] DEBUG [CALL:29] Call get_shifts in e_logs.common.all_journals_app.views, line 260
[12/Aug/2018 13:05:37] DEBUG [CALL:32] Exiting get in e_logs.common.messages_app.views, line 20
[12/Aug/2018 13:05:37] DEBUG [CALL:32] Exiting wrapper in e_logs.core.utils.webutils, line 53
[12/Aug/2018 13:05:38] DEBUG [CALL:32] Exiting get_shifts in e_logs.common.all_journals_app.views, line 260
[12/Aug/2018 13:05:38] DEBUG [CALL:32] Exiting wrapper in e_logs.core.utils.webutils, line 53
[12/Aug/2018 13:05:42] DEBUG [CALL:29] Call wrapper in e_logs.core.utils.webutils, line 53
[12/Aug/2018 13:05:42] DEBUG [CALL:29] Call wrapper in e_logs.core.utils.webutils, line 53
[12/Aug/2018 13:05:42] DEBUG [CALL:29] Call wrapper in e_logs.core.utils.webutils, line 53
[12/Aug/2018 13:05:43] DEBUG [CALL:29] Call wrapper in e_logs.core.utils.webutils, line 53
[12/Aug/2018 13:05:43] DEBUG [CALL:29] Call wrapper in e_logs.core.utils.webutils, line 53
[12/Aug/2018 13:05:43] DEBUG [CALL:29] Call change_table in e_logs.common.all_journals_app.views, line 171
[12/Aug/2018 13:05:43] DEBUG [CALL:32] Exiting change_table in e_logs.common.all_journals_app.views, line 171
[12/Aug/2018 13:05:43] DEBUG [CALL:32] Exiting wrapper in e_logs.core.utils.webutils, line 53
[12/Aug/2018 13:05:43] DEBUG [CALL:29] Call wrapper in e_logs.core.utils.webutils, line 53
[12/Aug/2018 13:05:43] DEBUG [CALL:29] Call change_table in e_logs.common.all_journals_app.views, line 171
[12/Aug/2018 13:05:43] DEBUG [CALL:32] Exiting change_table in e_logs.common.all_journals_app.views, line 171
[12/Aug/2018 13:05:43] DEBUG [CALL:29] Call change_table in e_logs.common.all_journals_app.views, line 171
[12/Aug/2018 13:05:43] DEBUG [CALL:32] Exiting change_table in e_logs.common.all_journals_app.views, line 171
[12/Aug/2018 13:05:43] DEBUG [CALL:29] Call change_table in e_logs.common.all_journals_app.views, line 171
[12/Aug/2018 13:05:43] DEBUG [CALL:32] Exiting change_table in e_logs.common.all_journals_app.views, line 171
[12/Aug/2018 13:05:43] DEBUG [CALL:32] Exiting wrapper in e_logs.core.utils.webutils, line 53
[12/Aug/2018 13:05:43] DEBUG [CALL:32] Exiting wrapper in e_logs.core.utils.webutils, line 53
[12/Aug/2018 13:05:43] DEBUG [CALL:29] Call wrapper in e_logs.core.utils.webutils, line 53
[12/Aug/2018 13:05:43] DEBUG [CALL:32] Exiting wrapper in e_logs.core.utils.webutils, line 53
[12/Aug/2018 13:05:43] DEBUG [CALL:29] Call wrapper in e_logs.core.utils.webutils, line 53
[12/Aug/2018 13:05:43] DEBUG [CALL:29] Call change_table in e_logs.common.all_journals_app.views, line 171
[12/Aug/2018 13:05:43] DEBUG [CALL:32] Exiting change_table in e_logs.common.all_journals_app.views, line 171
[12/Aug/2018 13:05:43] DEBUG [CALL:32] Exiting wrapper in e_logs.core.utils.webutils, line 53
[12/Aug/2018 13:05:43] DEBUG [CALL:29] Call change_table in e_logs.common.all_journals_app.views, line 171
[12/Aug/2018 13:05:43] DEBUG [CALL:32] Exiting change_table in e_logs.common.all_journals_app.views, line 171
[12/Aug/2018 13:05:43] DEBUG [CALL:32] Exiting wrapper in e_logs.core.utils.webutils, line 53
[12/Aug/2018 13:05:43] DEBUG [CALL:29] Call change_table in e_logs.common.all_journals_app.views, line 171
[12/Aug/2018 13:05:43] DEBUG [CALL:32] Exiting change_table in e_logs.common.all_journals_app.views, line 171
[12/Aug/2018 13:05:43] DEBUG [CALL:32] Exiting wrapper in e_logs.core.utils.webutils, line 53
[12/Aug/2018 13:05:43] DEBUG [CALL:29] Call change_table in e_logs.common.all_journals_app.views, line 171
[12/Aug/2018 13:05:43] DEBUG [CALL:32] Exiting change_table in e_logs.common.all_journals_app.views, line 171
[12/Aug/2018 13:05:43] DEBUG [CALL:32] Exiting wrapper in e_logs.core.utils.webutils, line 53
[12/Aug/2018 13:05:43] DEBUG [CALL:29] Call get in e_logs.common.all_journals_app.views, line 27
[12/Aug/2018 13:05:43] DEBUG [CALL:29] Call get_context in e_logs.common.all_journals_app.views, line 58
[12/Aug/2018 13:05:43] DEBUG [CALL:29] Call get_shift in e_logs.common.all_journals_app.views, line 35
[12/Aug/2018 13:05:44] DEBUG [CALL:32] Exiting get_shift in e_logs.common.all_journals_app.views, line 35
[12/Aug/2018 13:05:44] DEBUG [CALL:29] Call get_fields_descriptions in e_logs.common.all_journals_app.views, line 213
[12/Aug/2018 13:05:44] DEBUG [CALL:32] Exiting get_fields_descriptions in e_logs.common.all_journals_app.views, line 213
[12/Aug/2018 13:05:44] DEBUG [CALL:32] Exiting get_context in e_logs.common.all_journals_app.views, line 58
[12/Aug/2018 13:05:44] DEBUG [CALL:32] Exiting get in e_logs.common.all_journals_app.views, line 27
[12/Aug/2018 13:05:44] DEBUG [CALL:29] Call wrapper in e_logs.core.utils.webutils, line 53
[12/Aug/2018 13:05:44] DEBUG [CALL:29] Call wrapper in e_logs.core.utils.webutils, line 53
[12/Aug/2018 13:05:45] DEBUG [CALL:29] Call get_shifts in e_logs.common.all_journals_app.views, line 260
[12/Aug/2018 13:05:45] DEBUG [CALL:29] Call get in e_logs.common.messages_app.views, line 20
[12/Aug/2018 13:05:45] DEBUG [CALL:32] Exiting get in e_logs.common.messages_app.views, line 20
[12/Aug/2018 13:05:45] DEBUG [CALL:32] Exiting wrapper in e_logs.core.utils.webutils, line 53
[12/Aug/2018 13:05:45] DEBUG [CALL:32] Exiting get_shifts in e_logs.common.all_journals_app.views, line 260
[12/Aug/2018 13:05:45] DEBUG [CALL:32] Exiting wrapper in e_logs.core.utils.webutils, line 53
[12/Aug/2018 13:05:47] DEBUG [CALL:29] Call wrapper in e_logs.core.utils.webutils, line 53
[12/Aug/2018 13:05:47] DEBUG [CALL:29] Call change_table in e_logs.common.all_journals_app.views, line 171
[12/Aug/2018 13:05:47] DEBUG [CALL:32] Exiting change_table in e_logs.common.all_journals_app.views, line 171
[12/Aug/2018 13:05:47] DEBUG [CALL:32] Exiting wrapper in e_logs.core.utils.webutils, line 53
[12/Aug/2018 13:05:47] DEBUG [CALL:29] Call get in e_logs.common.all_journals_app.views, line 27
[12/Aug/2018 13:05:47] DEBUG [CALL:29] Call get_context in e_logs.common.all_journals_app.views, line 58
[12/Aug/2018 13:05:47] DEBUG [CALL:29] Call get_shift in e_logs.common.all_journals_app.views, line 35
[12/Aug/2018 13:05:47] DEBUG [CALL:32] Exiting get_shift in e_logs.common.all_journals_app.views, line 35
[12/Aug/2018 13:05:48] DEBUG [CALL:29] Call get_fields_descriptions in e_logs.common.all_journals_app.views, line 213
[12/Aug/2018 13:05:52] DEBUG [CALL:32] Exiting get_fields_descriptions in e_logs.common.all_journals_app.views, line 213
[12/Aug/2018 13:05:52] DEBUG [CALL:32] Exiting get_context in e_logs.common.all_journals_app.views, line 58
[12/Aug/2018 13:05:53] DEBUG [CALL:29] Call wrapper in e_logs.core.utils.webutils, line 53
[12/Aug/2018 13:05:54] DEBUG [CALL:29] Call get in e_logs.common.messages_app.views, line 20
[12/Aug/2018 13:05:55] DEBUG [CALL:32] Exiting get in e_logs.common.all_journals_app.views, line 27
[12/Aug/2018 13:05:55] DEBUG [CALL:32] Exiting get in e_logs.common.messages_app.views, line 20
[12/Aug/2018 13:05:55] DEBUG [CALL:32] Exiting wrapper in e_logs.core.utils.webutils, line 53
[12/Aug/2018 13:05:56] DEBUG [CALL:29] Call wrapper in e_logs.core.utils.webutils, line 53
[12/Aug/2018 13:05:56] DEBUG [CALL:29] Call wrapper in e_logs.core.utils.webutils, line 53
[12/Aug/2018 13:05:56] DEBUG [CALL:29] Call get in e_logs.common.messages_app.views, line 20
[12/Aug/2018 13:05:56] DEBUG [CALL:29] Call get_shifts in e_logs.common.all_journals_app.views, line 260
[12/Aug/2018 13:05:56] DEBUG [CALL:32] Exiting get in e_logs.common.messages_app.views, line 20
[12/Aug/2018 13:05:56] DEBUG [CALL:32] Exiting wrapper in e_logs.core.utils.webutils, line 53
[12/Aug/2018 13:05:57] DEBUG [CALL:32] Exiting get_shifts in e_logs.common.all_journals_app.views, line 260
[12/Aug/2018 13:05:57] DEBUG [CALL:32] Exiting wrapper in e_logs.core.utils.webutils, line 53
[12/Aug/2018 13:06:04] DEBUG [CALL:29] Call wrapper in e_logs.core.utils.webutils, line 53
[12/Aug/2018 13:06:04] DEBUG [CALL:29] Call get in e_logs.common.messages_app.views, line 20
[12/Aug/2018 13:06:04] DEBUG [CALL:32] Exiting get in e_logs.common.messages_app.views, line 20
[12/Aug/2018 13:06:04] DEBUG [CALL:32] Exiting wrapper in e_logs.core.utils.webutils, line 53
[12/Aug/2018 13:06:13] DEBUG [CALL:29] Call wrapper in e_logs.core.utils.webutils, line 53
[12/Aug/2018 13:06:13] DEBUG [CALL:29] Call get in e_logs.common.messages_app.views, line 20
[12/Aug/2018 13:06:13] DEBUG [CALL:32] Exiting get in e_logs.common.messages_app.views, line 20
[12/Aug/2018 13:06:13] DEBUG [CALL:32] Exiting wrapper in e_logs.core.utils.webutils, line 53
[12/Aug/2018 13:06:23] DEBUG [CALL:29] Call wrapper in e_logs.core.utils.webutils, line 53
[12/Aug/2018 13:06:23] DEBUG [CALL:29] Call get in e_logs.common.messages_app.views, line 20
[12/Aug/2018 13:06:23] DEBUG [CALL:32] Exiting get in e_logs.common.messages_app.views, line 20
[12/Aug/2018 13:06:23] DEBUG [CALL:32] Exiting wrapper in e_logs.core.utils.webutils, line 53
[12/Aug/2018 13:06:36] DEBUG [CALL:29] Call wrapper in e_logs.core.utils.webutils, line 53
[12/Aug/2018 13:06:36] DEBUG [CALL:29] Call get in e_logs.common.messages_app.views, line 20
[12/Aug/2018 13:06:36] DEBUG [CALL:32] Exiting get in e_logs.common.messages_app.views, line 20
[12/Aug/2018 13:06:36] DEBUG [CALL:32] Exiting wrapper in e_logs.core.utils.webutils, line 53
[12/Aug/2018 13:06:40] DEBUG [CALL:29] Call wrapper in e_logs.core.utils.webutils, line 53
[12/Aug/2018 13:06:40] DEBUG [CALL:29] Call get in e_logs.common.messages_app.views, line 20
[12/Aug/2018 13:06:40] DEBUG [CALL:32] Exiting get in e_logs.common.messages_app.views, line 20
[12/Aug/2018 13:06:40] DEBUG [CALL:32] Exiting wrapper in e_logs.core.utils.webutils, line 53
[12/Aug/2018 13:06:49] DEBUG [CALL:29] Call wrapper in e_logs.core.utils.webutils, line 53
[12/Aug/2018 13:06:49] DEBUG [CALL:29] Call get in e_logs.common.messages_app.views, line 20
[12/Aug/2018 13:06:49] DEBUG [CALL:32] Exiting get in e_logs.common.messages_app.views, line 20
[12/Aug/2018 13:06:49] DEBUG [CALL:32] Exiting wrapper in e_logs.core.utils.webutils, line 53
[12/Aug/2018 13:06:58] DEBUG [CALL:29] Call wrapper in e_logs.core.utils.webutils, line 53
[12/Aug/2018 13:06:58] DEBUG [CALL:29] Call get in e_logs.common.messages_app.views, line 20
[12/Aug/2018 13:06:58] DEBUG [CALL:32] Exiting get in e_logs.common.messages_app.views, line 20
[12/Aug/2018 13:06:58] DEBUG [CALL:32] Exiting wrapper in e_logs.core.utils.webutils, line 53
[12/Aug/2018 13:07:03] DEBUG [CALL:29] Call wrapper in e_logs.core.utils.webutils, line 53
[12/Aug/2018 13:07:03] DEBUG [CALL:29] Call wrapper in e_logs.core.utils.webutils, line 53
[12/Aug/2018 13:07:03] DEBUG [CALL:29] Call wrapper in e_logs.core.utils.webutils, line 53
[12/Aug/2018 13:07:03] DEBUG [CALL:29] Call wrapper in e_logs.core.utils.webutils, line 53
[12/Aug/2018 13:07:03] DEBUG [CALL:29] Call wrapper in e_logs.core.utils.webutils, line 53
[12/Aug/2018 13:07:03] DEBUG [CALL:29] Call change_table in e_logs.common.all_journals_app.views, line 171
[12/Aug/2018 13:07:03] DEBUG [CALL:32] Exiting change_table in e_logs.common.all_journals_app.views, line 171
[12/Aug/2018 13:07:03] DEBUG [CALL:32] Exiting wrapper in e_logs.core.utils.webutils, line 53
[12/Aug/2018 13:07:03] DEBUG [CALL:29] Call wrapper in e_logs.core.utils.webutils, line 53
[12/Aug/2018 13:07:03] DEBUG [CALL:29] Call change_table in e_logs.common.all_journals_app.views, line 171
[12/Aug/2018 13:07:03] DEBUG [CALL:29] Call change_table in e_logs.common.all_journals_app.views, line 171
[12/Aug/2018 13:07:03] DEBUG [CALL:32] Exiting change_table in e_logs.common.all_journals_app.views, line 171
[12/Aug/2018 13:07:03] DEBUG [CALL:32] Exiting change_table in e_logs.common.all_journals_app.views, line 171
[12/Aug/2018 13:07:03] DEBUG [CALL:32] Exiting wrapper in e_logs.core.utils.webutils, line 53
[12/Aug/2018 13:07:03] DEBUG [CALL:32] Exiting wrapper in e_logs.core.utils.webutils, line 53
[12/Aug/2018 13:07:03] DEBUG [CALL:29] Call wrapper in e_logs.core.utils.webutils, line 53
[12/Aug/2018 13:07:03] DEBUG [CALL:29] Call wrapper in e_logs.core.utils.webutils, line 53
[12/Aug/2018 13:07:03] DEBUG [CALL:29] Call change_table in e_logs.common.all_journals_app.views, line 171
[12/Aug/2018 13:07:03] DEBUG [CALL:32] Exiting change_table in e_logs.common.all_journals_app.views, line 171
[12/Aug/2018 13:07:03] DEBUG [CALL:32] Exiting wrapper in e_logs.core.utils.webutils, line 53
[12/Aug/2018 13:07:03] DEBUG [CALL:29] Call wrapper in e_logs.core.utils.webutils, line 53
[12/Aug/2018 13:07:03] DEBUG [CALL:29] Call change_table in e_logs.common.all_journals_app.views, line 171
[12/Aug/2018 13:07:03] DEBUG [CALL:32] Exiting change_table in e_logs.common.all_journals_app.views, line 171
[12/Aug/2018 13:07:03] DEBUG [CALL:32] Exiting wrapper in e_logs.core.utils.webutils, line 53
[12/Aug/2018 13:07:03] DEBUG [CALL:29] Call wrapper in e_logs.core.utils.webutils, line 53
[12/Aug/2018 13:07:03] DEBUG [CALL:29] Call get in e_logs.common.all_journals_app.views, line 27
[12/Aug/2018 13:07:03] DEBUG [CALL:29] Call change_table in e_logs.common.all_journals_app.views, line 171
[12/Aug/2018 13:07:03] DEBUG [CALL:32] Exiting change_table in e_logs.common.all_journals_app.views, line 171
[12/Aug/2018 13:07:03] DEBUG [CALL:32] Exiting wrapper in e_logs.core.utils.webutils, line 53
[12/Aug/2018 13:07:03] DEBUG [CALL:29] Call wrapper in e_logs.core.utils.webutils, line 53
[12/Aug/2018 13:07:03] DEBUG [CALL:29] Call get_context in e_logs.common.all_journals_app.views, line 58
[12/Aug/2018 13:07:03] DEBUG [CALL:29] Call get_shift in e_logs.common.all_journals_app.views, line 35
[12/Aug/2018 13:07:04] DEBUG [CALL:29] Call change_table in e_logs.common.all_journals_app.views, line 171
[12/Aug/2018 13:07:04] DEBUG [CALL:32] Exiting change_table in e_logs.common.all_journals_app.views, line 171
[12/Aug/2018 13:07:04] DEBUG [CALL:32] Exiting wrapper in e_logs.core.utils.webutils, line 53
[12/Aug/2018 13:07:04] DEBUG [CALL:29] Call wrapper in e_logs.core.utils.webutils, line 53
[12/Aug/2018 13:07:04] DEBUG [CALL:32] Exiting get_shift in e_logs.common.all_journals_app.views, line 35
[12/Aug/2018 13:07:04] DEBUG [CALL:29] Call change_table in e_logs.common.all_journals_app.views, line 171
[12/Aug/2018 13:07:04] DEBUG [CALL:32] Exiting change_table in e_logs.common.all_journals_app.views, line 171
[12/Aug/2018 13:07:04] DEBUG [CALL:32] Exiting wrapper in e_logs.core.utils.webutils, line 53
[12/Aug/2018 13:07:04] DEBUG [CALL:29] Call change_table in e_logs.common.all_journals_app.views, line 171
[12/Aug/2018 13:07:04] DEBUG [CALL:32] Exiting change_table in e_logs.common.all_journals_app.views, line 171
[12/Aug/2018 13:07:04] DEBUG [CALL:29] Call wrapper in e_logs.core.utils.webutils, line 53
[12/Aug/2018 13:07:04] DEBUG [CALL:32] Exiting wrapper in e_logs.core.utils.webutils, line 53
[12/Aug/2018 13:07:04] DEBUG [CALL:29] Call wrapper in e_logs.core.utils.webutils, line 53
[12/Aug/2018 13:07:04] DEBUG [CALL:29] Call change_table in e_logs.common.all_journals_app.views, line 171
[12/Aug/2018 13:07:04] DEBUG [CALL:32] Exiting change_table in e_logs.common.all_journals_app.views, line 171
[12/Aug/2018 13:07:04] DEBUG [CALL:32] Exiting wrapper in e_logs.core.utils.webutils, line 53
[12/Aug/2018 13:07:04] DEBUG [CALL:29] Call wrapper in e_logs.core.utils.webutils, line 53
[12/Aug/2018 13:07:04] DEBUG [CALL:29] Call change_table in e_logs.common.all_journals_app.views, line 171
[12/Aug/2018 13:07:04] DEBUG [CALL:32] Exiting change_table in e_logs.common.all_journals_app.views, line 171
[12/Aug/2018 13:07:04] DEBUG [CALL:32] Exiting wrapper in e_logs.core.utils.webutils, line 53
[12/Aug/2018 13:07:04] DEBUG [CALL:29] Call wrapper in e_logs.core.utils.webutils, line 53
[12/Aug/2018 13:07:04] DEBUG [CALL:29] Call change_table in e_logs.common.all_journals_app.views, line 171
[12/Aug/2018 13:07:04] DEBUG [CALL:32] Exiting change_table in e_logs.common.all_journals_app.views, line 171
[12/Aug/2018 13:07:04] DEBUG [CALL:32] Exiting wrapper in e_logs.core.utils.webutils, line 53
[12/Aug/2018 13:07:04] DEBUG [CALL:29] Call change_table in e_logs.common.all_journals_app.views, line 171
[12/Aug/2018 13:07:04] DEBUG [CALL:32] Exiting change_table in e_logs.common.all_journals_app.views, line 171
[12/Aug/2018 13:07:04] DEBUG [CALL:32] Exiting wrapper in e_logs.core.utils.webutils, line 53
[12/Aug/2018 13:07:04] DEBUG [CALL:29] Call change_table in e_logs.common.all_journals_app.views, line 171
[12/Aug/2018 13:07:04] DEBUG [CALL:32] Exiting change_table in e_logs.common.all_journals_app.views, line 171
[12/Aug/2018 13:07:04] DEBUG [CALL:32] Exiting wrapper in e_logs.core.utils.webutils, line 53
[12/Aug/2018 13:07:04] DEBUG [CALL:29] Call get_fields_descriptions in e_logs.common.all_journals_app.views, line 213
[12/Aug/2018 13:07:04] DEBUG [CALL:29] Call change_table in e_logs.common.all_journals_app.views, line 171
[12/Aug/2018 13:07:04] DEBUG [CALL:32] Exiting change_table in e_logs.common.all_journals_app.views, line 171
[12/Aug/2018 13:07:04] DEBUG [CALL:32] Exiting wrapper in e_logs.core.utils.webutils, line 53
[12/Aug/2018 13:07:04] DEBUG [CALL:29] Call change_table in e_logs.common.all_journals_app.views, line 171
[12/Aug/2018 13:07:04] DEBUG [CALL:32] Exiting change_table in e_logs.common.all_journals_app.views, line 171
[12/Aug/2018 13:07:04] DEBUG [CALL:32] Exiting wrapper in e_logs.core.utils.webutils, line 53
[12/Aug/2018 13:07:04] DEBUG [CALL:32] Exiting get_fields_descriptions in e_logs.common.all_journals_app.views, line 213
[12/Aug/2018 13:07:04] DEBUG [CALL:32] Exiting get_context in e_logs.common.all_journals_app.views, line 58
[12/Aug/2018 13:07:04] DEBUG [CALL:32] Exiting get in e_logs.common.all_journals_app.views, line 27
[12/Aug/2018 13:07:05] DEBUG [CALL:29] Call wrapper in e_logs.core.utils.webutils, line 53
[12/Aug/2018 13:07:05] DEBUG [CALL:29] Call wrapper in e_logs.core.utils.webutils, line 53
[12/Aug/2018 13:07:05] DEBUG [CALL:29] Call get in e_logs.common.messages_app.views, line 20
[12/Aug/2018 13:07:05] DEBUG [CALL:29] Call get_shifts in e_logs.common.all_journals_app.views, line 260
[12/Aug/2018 13:07:05] DEBUG [CALL:32] Exiting get in e_logs.common.messages_app.views, line 20
[12/Aug/2018 13:07:05] DEBUG [CALL:32] Exiting wrapper in e_logs.core.utils.webutils, line 53
[12/Aug/2018 13:07:06] DEBUG [CALL:32] Exiting get_shifts in e_logs.common.all_journals_app.views, line 260
[12/Aug/2018 13:07:06] DEBUG [CALL:32] Exiting wrapper in e_logs.core.utils.webutils, line 53
[12/Aug/2018 13:07:11] DEBUG [CALL:29] Call wrapper in e_logs.core.utils.webutils, line 53
[12/Aug/2018 13:07:11] DEBUG [CALL:29] Call change_table in e_logs.common.all_journals_app.views, line 171
[12/Aug/2018 13:07:11] DEBUG [CALL:32] Exiting change_table in e_logs.common.all_journals_app.views, line 171
[12/Aug/2018 13:07:11] DEBUG [CALL:32] Exiting wrapper in e_logs.core.utils.webutils, line 53
[12/Aug/2018 13:07:11] DEBUG [CALL:29] Call get in e_logs.common.all_journals_app.views, line 27
[12/Aug/2018 13:07:11] DEBUG [CALL:29] Call get_context in e_logs.common.all_journals_app.views, line 58
[12/Aug/2018 13:07:11] DEBUG [CALL:29] Call get_shift in e_logs.common.all_journals_app.views, line 35
[12/Aug/2018 13:07:11] DEBUG [CALL:32] Exiting get_shift in e_logs.common.all_journals_app.views, line 35
[12/Aug/2018 13:07:11] DEBUG [CALL:29] Call get_fields_descriptions in e_logs.common.all_journals_app.views, line 213
[12/Aug/2018 13:07:12] DEBUG [CALL:32] Exiting get_fields_descriptions in e_logs.common.all_journals_app.views, line 213
[12/Aug/2018 13:07:12] DEBUG [CALL:32] Exiting get_context in e_logs.common.all_journals_app.views, line 58
[12/Aug/2018 13:07:12] DEBUG [CALL:32] Exiting get in e_logs.common.all_journals_app.views, line 27
[12/Aug/2018 13:07:12] DEBUG [CALL:29] Call wrapper in e_logs.core.utils.webutils, line 53
[12/Aug/2018 13:07:12] DEBUG [CALL:29] Call wrapper in e_logs.core.utils.webutils, line 53
[12/Aug/2018 13:07:12] DEBUG [CALL:29] Call get in e_logs.common.messages_app.views, line 20
[12/Aug/2018 13:07:12] DEBUG [CALL:29] Call get_shifts in e_logs.common.all_journals_app.views, line 260
[12/Aug/2018 13:07:12] DEBUG [CALL:32] Exiting get in e_logs.common.messages_app.views, line 20
[12/Aug/2018 13:07:12] DEBUG [CALL:32] Exiting wrapper in e_logs.core.utils.webutils, line 53
[12/Aug/2018 13:07:13] DEBUG [CALL:32] Exiting get_shifts in e_logs.common.all_journals_app.views, line 260
[12/Aug/2018 13:07:13] DEBUG [CALL:32] Exiting wrapper in e_logs.core.utils.webutils, line 53
[12/Aug/2018 13:07:15] DEBUG [CALL:29] Call wrapper in e_logs.core.utils.webutils, line 53
[12/Aug/2018 13:07:16] DEBUG [CALL:29] Call get in e_logs.common.all_journals_app.views, line 27
[12/Aug/2018 13:07:16] DEBUG [CALL:29] Call get_context in e_logs.common.all_journals_app.views, line 58
[12/Aug/2018 13:07:16] DEBUG [CALL:29] Call get_shift in e_logs.common.all_journals_app.views, line 35
[12/Aug/2018 13:07:16] DEBUG [CALL:29] Call change_table in e_logs.common.all_journals_app.views, line 171
[12/Aug/2018 13:07:16] DEBUG [CALL:32] Exiting change_table in e_logs.common.all_journals_app.views, line 171
[12/Aug/2018 13:07:16] DEBUG [CALL:32] Exiting wrapper in e_logs.core.utils.webutils, line 53
[12/Aug/2018 13:07:16] DEBUG [CALL:32] Exiting get_shift in e_logs.common.all_journals_app.views, line 35
[12/Aug/2018 13:07:16] DEBUG [CALL:29] Call get_fields_descriptions in e_logs.common.all_journals_app.views, line 213
[12/Aug/2018 13:07:18] DEBUG [CALL:32] Exiting get_fields_descriptions in e_logs.common.all_journals_app.views, line 213
[12/Aug/2018 13:07:18] DEBUG [CALL:32] Exiting get_context in e_logs.common.all_journals_app.views, line 58
[12/Aug/2018 13:07:18] DEBUG [CALL:32] Exiting get in e_logs.common.all_journals_app.views, line 27
[12/Aug/2018 13:07:19] DEBUG [CALL:29] Call wrapper in e_logs.core.utils.webutils, line 53
[12/Aug/2018 13:07:19] DEBUG [CALL:29] Call wrapper in e_logs.core.utils.webutils, line 53
[12/Aug/2018 13:07:19] DEBUG [CALL:29] Call get_shifts in e_logs.common.all_journals_app.views, line 260
[12/Aug/2018 13:07:19] DEBUG [CALL:29] Call get in e_logs.common.messages_app.views, line 20
[12/Aug/2018 13:07:19] DEBUG [CALL:32] Exiting get in e_logs.common.messages_app.views, line 20
[12/Aug/2018 13:07:19] DEBUG [CALL:32] Exiting wrapper in e_logs.core.utils.webutils, line 53
[12/Aug/2018 13:07:21] DEBUG [CALL:32] Exiting get_shifts in e_logs.common.all_journals_app.views, line 260
[12/Aug/2018 13:07:21] DEBUG [CALL:32] Exiting wrapper in e_logs.core.utils.webutils, line 53
[12/Aug/2018 13:32:16] DEBUG [CALL:29] Call login_page in e_logs.common.login_app.views, line 31
[12/Aug/2018 13:32:17] DEBUG [CALL:32] Exiting login_page in e_logs.common.login_app.views, line 31
[12/Aug/2018 13:32:25] DEBUG [CALL:29] Call wrapper in e_logs.core.utils.webutils, line 53
[12/Aug/2018 13:32:25] DEBUG [CALL:32] Exiting wrapper in e_logs.core.utils.webutils, line 53
[12/Aug/2018 13:32:26] DEBUG [CALL:29] Call wrapper in e_logs.core.utils.webutils, line 53
[12/Aug/2018 13:32:26] DEBUG [CALL:29] Call get in e_logs.common.messages_app.views, line 20
[12/Aug/2018 13:32:26] DEBUG [CALL:32] Exiting get in e_logs.common.messages_app.views, line 20
[12/Aug/2018 13:32:26] DEBUG [CALL:32] Exiting wrapper in e_logs.core.utils.webutils, line 53
[12/Aug/2018 13:32:26] DEBUG [CALL:29] Call wrapper in e_logs.core.utils.webutils, line 53
[12/Aug/2018 13:32:26] DEBUG [CALL:29] Call wrapper in e_logs.core.utils.webutils, line 53
[12/Aug/2018 13:32:26] DEBUG [CALL:29] Call wrapper in e_logs.core.utils.webutils, line 53
[12/Aug/2018 13:32:26] DEBUG [CALL:29] Call get_shifts in e_logs.common.all_journals_app.views, line 260
[12/Aug/2018 13:32:28] DEBUG [CALL:32] Exiting get_shifts in e_logs.common.all_journals_app.views, line 260
[12/Aug/2018 13:32:28] DEBUG [CALL:32] Exiting wrapper in e_logs.core.utils.webutils, line 53
[12/Aug/2018 13:32:30] DEBUG [CALL:32] Exiting wrapper in e_logs.core.utils.webutils, line 53
[12/Aug/2018 13:32:35] DEBUG [CALL:29] Call wrapper in e_logs.core.utils.webutils, line 53
[12/Aug/2018 13:32:35] DEBUG [CALL:29] Call get in e_logs.common.messages_app.views, line 20
[12/Aug/2018 13:32:35] DEBUG [CALL:32] Exiting get in e_logs.common.messages_app.views, line 20
[12/Aug/2018 13:32:35] DEBUG [CALL:32] Exiting wrapper in e_logs.core.utils.webutils, line 53
[12/Aug/2018 13:32:41] DEBUG [CALL:29] Call get in e_logs.common.all_journals_app.views, line 27
[12/Aug/2018 13:32:41] DEBUG [CALL:29] Call get_context in e_logs.common.all_journals_app.views, line 108
[12/Aug/2018 13:32:41] DEBUG [CALL:29] Call get_context in e_logs.common.all_journals_app.views, line 58
[12/Aug/2018 13:32:41] DEBUG [CALL:29] Call get_shift in e_logs.common.all_journals_app.views, line 35
[12/Aug/2018 13:32:41] DEBUG [CALL:32] Exiting get_shift in e_logs.common.all_journals_app.views, line 35
[12/Aug/2018 13:32:41] DEBUG [CALL:32] Exiting wrapper in e_logs.core.utils.webutils, line 53
[12/Aug/2018 13:32:42] DEBUG [CALL:29] Call get_fields_descriptions in e_logs.common.all_journals_app.views, line 213
[12/Aug/2018 13:32:43] DEBUG [CALL:32] Exiting get_fields_descriptions in e_logs.common.all_journals_app.views, line 213
[12/Aug/2018 13:53:32] DEBUG [CALL:29] Call wrapper in e_logs.core.utils.webutils, line 53
[12/Aug/2018 13:53:32] DEBUG [CALL:29] Call get in e_logs.common.messages_app.views, line 20
[12/Aug/2018 13:53:32] DEBUG [CALL:32] Exiting get in e_logs.common.messages_app.views, line 20
[12/Aug/2018 13:53:32] DEBUG [CALL:32] Exiting wrapper in e_logs.core.utils.webutils, line 53
[12/Aug/2018 13:53:33] DEBUG [CALL:29] Call wrapper in e_logs.core.utils.webutils, line 53
[12/Aug/2018 13:53:33] DEBUG [CALL:29] Call wrapper in e_logs.core.utils.webutils, line 53
[12/Aug/2018 13:53:33] DEBUG [CALL:29] Call wrapper in e_logs.core.utils.webutils, line 53
[12/Aug/2018 13:53:33] DEBUG [CALL:29] Call get_shifts in e_logs.common.all_journals_app.views, line 260
[12/Aug/2018 13:53:35] DEBUG [CALL:32] Exiting get_shifts in e_logs.common.all_journals_app.views, line 260
[12/Aug/2018 13:53:35] DEBUG [CALL:32] Exiting wrapper in e_logs.core.utils.webutils, line 53
[12/Aug/2018 13:53:37] DEBUG [CALL:32] Exiting wrapper in e_logs.core.utils.webutils, line 53
[12/Aug/2018 13:53:38] DEBUG [CALL:29] Call get in e_logs.common.all_journals_app.views, line 27
[12/Aug/2018 13:53:38] DEBUG [CALL:29] Call get_context in e_logs.common.all_journals_app.views, line 108
[12/Aug/2018 13:53:38] DEBUG [CALL:29] Call get_context in e_logs.common.all_journals_app.views, line 58
[12/Aug/2018 13:53:38] DEBUG [CALL:29] Call get_shift in e_logs.common.all_journals_app.views, line 35
[12/Aug/2018 13:53:38] DEBUG [CALL:32] Exiting get_shift in e_logs.common.all_journals_app.views, line 35
[12/Aug/2018 13:53:39] DEBUG [CALL:29] Call get_fields_descriptions in e_logs.common.all_journals_app.views, line 213
[12/Aug/2018 13:53:41] DEBUG [CALL:29] Call wrapper in e_logs.core.utils.webutils, line 53
[12/Aug/2018 13:53:41] DEBUG [CALL:29] Call get in e_logs.common.messages_app.views, line 20
[12/Aug/2018 13:53:42] DEBUG [CALL:32] Exiting get in e_logs.common.messages_app.views, line 20
[12/Aug/2018 13:53:42] DEBUG [CALL:32] Exiting wrapper in e_logs.core.utils.webutils, line 53
[12/Aug/2018 13:53:43] DEBUG [CALL:32] Exiting get_fields_descriptions in e_logs.common.all_journals_app.views, line 213
[12/Aug/2018 13:53:43] DEBUG [CALL:32] Exiting get_context in e_logs.common.all_journals_app.views, line 58
[12/Aug/2018 13:53:43] DEBUG [CALL:32] Exiting get_context in e_logs.common.all_journals_app.views, line 108
[12/Aug/2018 13:53:43] DEBUG [CALL:32] Exiting get in e_logs.common.all_journals_app.views, line 27
[12/Aug/2018 13:53:44] DEBUG [CALL:29] Call wrapper in e_logs.core.utils.webutils, line 53
[12/Aug/2018 13:53:44] DEBUG [CALL:29] Call get in e_logs.common.messages_app.views, line 20
[12/Aug/2018 13:53:44] DEBUG [CALL:29] Call wrapper in e_logs.core.utils.webutils, line 53
[12/Aug/2018 13:53:44] DEBUG [CALL:32] Exiting get in e_logs.common.messages_app.views, line 20
[12/Aug/2018 13:53:44] DEBUG [CALL:32] Exiting wrapper in e_logs.core.utils.webutils, line 53
[12/Aug/2018 13:53:44] DEBUG [CALL:29] Call get_shifts in e_logs.common.all_journals_app.views, line 260
[12/Aug/2018 13:53:45] DEBUG [CALL:32] Exiting get_shifts in e_logs.common.all_journals_app.views, line 260
[12/Aug/2018 13:53:45] DEBUG [CALL:32] Exiting wrapper in e_logs.core.utils.webutils, line 53
[12/Aug/2018 13:53:52] DEBUG [CALL:32] Exiting wrapper in e_logs.core.utils.webutils, line 53
[12/Aug/2018 13:53:53] DEBUG [CALL:29] Call wrapper in e_logs.core.utils.webutils, line 53
[12/Aug/2018 13:53:53] DEBUG [CALL:29] Call get in e_logs.common.messages_app.views, line 20
[12/Aug/2018 13:53:53] DEBUG [CALL:32] Exiting get in e_logs.common.messages_app.views, line 20
[12/Aug/2018 13:53:53] DEBUG [CALL:32] Exiting wrapper in e_logs.core.utils.webutils, line 53
[12/Aug/2018 13:54:02] DEBUG [CALL:29] Call wrapper in e_logs.core.utils.webutils, line 53
[12/Aug/2018 13:54:02] DEBUG [CALL:29] Call get in e_logs.common.messages_app.views, line 20
[12/Aug/2018 13:54:02] DEBUG [CALL:32] Exiting get in e_logs.common.messages_app.views, line 20
[12/Aug/2018 13:54:02] DEBUG [CALL:32] Exiting wrapper in e_logs.core.utils.webutils, line 53
[12/Aug/2018 13:54:11] DEBUG [CALL:29] Call wrapper in e_logs.core.utils.webutils, line 53
[12/Aug/2018 13:54:11] DEBUG [CALL:29] Call get in e_logs.common.messages_app.views, line 20
[12/Aug/2018 13:54:11] DEBUG [CALL:32] Exiting get in e_logs.common.messages_app.views, line 20
[12/Aug/2018 13:54:11] DEBUG [CALL:32] Exiting wrapper in e_logs.core.utils.webutils, line 53
